2023-04-20 01:14:45,320 INFO  [Log] ************************************** 
2023-04-20 01:14:45,321 INFO  [Log] ************************************** 
2023-04-20 01:14:45,326 INFO  [Log] *************This is the Beginning of my Test case************* 
2023-04-20 01:14:45,326 INFO  [Log] My test case is executing right now 
2023-04-20 01:14:45,327 INFO  [Log] My test case might have some trivial issues 
2023-04-20 01:14:53,146 INFO  [Log] This test case is about to get completed 
2023-04-20 01:14:53,146 INFO  [Log] #################################### 
2023-04-20 01:14:53,147 INFO  [Log] #################################### 
2023-04-20 01:14:53,147 INFO  [Log] #############This test case is finished############## 
2023-04-20 01:20:30 INFO  Log:15 - **************************************
2023-04-20 01:20:30 INFO  Log:16 - **************************************
2023-04-20 01:20:30 INFO  Log:17 - *************This is the Beginning of my Test case*************
2023-04-20 01:20:30 INFO  Log:27 - My test case is executing right now
2023-04-20 01:20:30 INFO  Log:31 - My test case might have some trivial issues
2023-04-20 01:20:38 INFO  Log:27 - This test case is about to get completed
2023-04-20 01:20:38 INFO  Log:21 - ####################################
2023-04-20 01:20:38 INFO  Log:22 - ####################################
2023-04-20 01:20:38 INFO  Log:23 - #############This test case is finished##############
2023-04-20 02:29:53 INFO  Log:15 - **************************************
2023-04-20 02:29:53 INFO  Log:16 - **************************************
2023-04-20 02:29:53 INFO  Log:17 - *************This is the Beginning of my Test case*************
2023-04-20 02:29:53 INFO  Log:27 - My test case is executing right now
2023-04-20 02:29:53 INFO  Log:31 - My test case might have some trivial issues
2023-04-20 02:30:00 INFO  Log:27 - This test case is about to get completed
2023-04-20 02:30:00 INFO  Log:21 - ####################################
2023-04-20 02:30:00 INFO  Log:22 - ####################################
2023-04-20 02:30:00 INFO  Log:23 - #############This test case is finished##############
2023-04-24 17:54:41 INFO  Log:15 - **************************************
2023-04-24 17:54:41 INFO  Log:16 - **************************************
2023-04-24 17:54:41 INFO  Log:17 - *************This is the Beginning of my Test case*************
2023-04-24 17:54:41 INFO  Log:27 - My test case is executing right now
2023-04-24 17:54:41 INFO  Log:31 - My test case might have some trivial issues
2023-04-24 17:54:49 INFO  Log:27 - This test case is about to get completed
2023-04-24 17:54:49 INFO  Log:21 - ####################################
2023-04-24 17:54:49 INFO  Log:22 - ####################################
2023-04-24 17:54:49 INFO  Log:23 - #############This test case is finished##############
2023-05-28 00:23:58 INFO  Log:15 - **************************************
2023-05-28 00:23:58 INFO  Log:16 - **************************************
2023-05-28 00:23:59 INFO  Log:17 - *************This is the Beginning of my Test case*************
2023-05-28 00:23:59 INFO  Log:27 - My test case is executing right now
2023-05-28 00:23:59 INFO  Log:31 - My test case might have some trivial issues
2023-05-28 00:23:59 INFO  Log:27 - This test case is about to get completed
2023-05-28 00:23:59 INFO  Log:21 - ####################################
2023-05-28 00:23:59 INFO  Log:22 - ####################################
2023-05-28 00:23:59 INFO  Log:23 - #############This test case is finished##############
